user_name:Fiinally 已被被添加到数据库
user_name:Fiinally 已被被添加到数据库
user_name:Fiinally 已被被添加到数据库
Removed Tinyshellzzz from the whitelist
user_name:Tinyshellzzz 已被被添加到数据库
Added Tinyshellzzz to the whitelist
Removed MC_qi_li from the whitelist
Removed Fiinally from the whitelist
Removed L0veKaori from the whitelist
user_name:Tinyshellzzz 已被被添加到数据库
'list' object has no attribute 'encode'
user_name:Tinyshellzzz 已被被添加到数据库
'list' object has no attribute 'encode'
user_name:Fiinally 已被被添加到数据库
user_name:L0veKaori 已被被添加到数据库
user_name:MC_qi_li 已被被添加到数据库
user_name:Qang_wei 已被被添加到数据库
user_name:ForSakura 已被被添加到数据库
user_name:Panpan_n 已被被添加到数据库
user_name:HHJX_LOVE 已被被添加到数据库
user_name:MeNubse 已被被添加到数据库
user_name:WindyField 已被被添加到数据库
user_name:HUGH611 已被被添加到数据库
user_name:Fughye 已被被添加到数据库
user_name:Deep_Wake 已被被添加到数据库
user_name:ReKu_AMe 已被被添加到数据库
user_name:Mangelious 已被被添加到数据库
user_name:abttabrtzn 已被被添加到数据库
user_name:magnitu 已被被添加到数据库
user_name:Fiinally 已被被添加到数据库
qq:341034565 已被绑定
qq:2602075018 已被绑定
qq:334294441 已被绑定
qq:512346994 已被绑定
qq:1050690856 已被绑定
qq:2210068332 已被绑定
qq:197077917 已被绑定
qq:3634416708 已被绑定
qq:2806303431 已被绑定
qq:2239171760 已被绑定
qq:1810306022 已被绑定
qq:2423880356 已被绑定
qq:2357976152 已被绑定
qq:1696817708 已被绑定
qq:3999387901 已被绑定
user_name:Fiinally 已被被添加到数据库
user_name:L0veKaori 已被被添加到数据库
user_name:MC_qi_li 已被被添加到数据库
user_name:Qang_wei 已被被添加到数据库
user_name:ForSakura 已被被添加到数据库
user_name:Panpan_n 已被被添加到数据库
user_name:HHJX_LOVE 已被被添加到数据库
user_name:MeNubse 已被被添加到数据库
user_name:WindyField 已被被添加到数据库
user_name:HUGH611 已被被添加到数据库
user_name:Fughye 已被被添加到数据库
user_name:Deep_Wake 已被被添加到数据库
user_name:ReKu_AMe 已被被添加到数据库
user_name:Mangelious 已被被添加到数据库
user_name:abttabrtzn 已被被添加到数据库
user_name:magnitu 已被被添加到数据库
user_name:Fiinally 已被被添加到数据库
uuid:4831960d-95fc-4180-bffc-930f94c4d989 已被绑定
qq:2602075018 已被绑定
qq:334294441 已被绑定
qq:512346994 已被绑定
qq:1050690856 已被绑定
qq:2210068332 已被绑定
qq:197077917 已被绑定
qq:3634416708 已被绑定
qq:2806303431 已被绑定
qq:2239171760 已被绑定
qq:1810306022 已被绑定
qq:2423880356 已被绑定
qq:2357976152 已被绑定
qq:1696817708 已被绑定
qq:3999387901 已被绑定
qq:1787882104 已被绑定
uuid:4831960d-95fc-4180-bffc-930f94c4d989 已被绑定
qq:2602075018 已被绑定
qq:334294441 已被绑定
qq:512346994 已被绑定
qq:1050690856 已被绑定
qq:2210068332 已被绑定
qq:197077917 已被绑定
qq:3634416708 已被绑定
qq:2806303431 已被绑定
qq:2239171760 已被绑定
qq:1810306022 已被绑定
qq:2423880356 已被绑定
qq:2357976152 已被绑定
qq:1696817708 已被绑定
qq:3999387901 已被绑定
user_name:Tinyshellzzz 已被被添加到数据库
user_name:Tinyshellzzz 已被被添加到数据库
Added Tinyshellzzz to the whitelist
user_name:Tinyshellzzz 已被被添加到数据库
Added Tinyshellzzz to the whitelist
user_name:Tinyshellzzz 已被被添加到数据库
user_name:tinyshellzzz 已被被添加到数据库
user_name:zhushusama 已被被添加到数据库
user_name:qianwanli 已被被添加到数据库
user_name:darkness_f 已被被添加到数据库
